Job started at: Thu Jun 11 18:51:26 BST 2026
Loading best parameters from 'best_params.json'

Starting evaluation on 97656 calo files using 16 cores...
Processed 1000/97656 files...
Processed 2000/97656 files...
Processed 3000/97656 files...
Processed 4000/97656 files...
Processed 5000/97656 files...
Processed 6000/97656 files...
Processed 7000/97656 files...
Processed 8000/97656 files...
Processed 9000/97656 files...
Processed 10000/97656 files...
Processed 11000/97656 files...
Processed 12000/97656 files...
Processed 13000/97656 files...
Processed 14000/97656 files...
Processed 15000/97656 files...
Processed 16000/97656 files...
Processed 17000/97656 files...
Processed 18000/97656 files...
Processed 19000/97656 files...
Processed 20000/97656 files...
Processed 21000/97656 files...
Processed 22000/97656 files...
Processed 23000/97656 files...
Processed 24000/97656 files...
Processed 25000/97656 files...
Processed 26000/97656 files...
Processed 27000/97656 files...
Processed 28000/97656 files...
Processed 29000/97656 files...
Processed 30000/97656 files...
Processed 31000/97656 files...
Processed 32000/97656 files...
Processed 33000/97656 files...
Processed 34000/97656 files...
Processed 35000/97656 files...
Processed 36000/97656 files...
Processed 37000/97656 files...
Processed 38000/97656 files...
Processed 39000/97656 files...
Processed 40000/97656 files...
Processed 41000/97656 files...
Processed 42000/97656 files...
Processed 43000/97656 files...
Processed 44000/97656 files...
Processed 45000/97656 files...
Processed 46000/97656 files...
Processed 47000/97656 files...
Processed 48000/97656 files...
Processed 49000/97656 files...
Processed 50000/97656 files...
Processed 51000/97656 files...
Processed 52000/97656 files...
Processed 53000/97656 files...
Processed 54000/97656 files...
Processed 55000/97656 files...
Processed 56000/97656 files...
Processed 57000/97656 files...
Processed 58000/97656 files...
Processed 59000/97656 files...
Processed 60000/97656 files...
Processed 61000/97656 files...
Processed 62000/97656 files...
Processed 63000/97656 files...
Processed 64000/97656 files...
Processed 65000/97656 files...
Processed 66000/97656 files...
Processed 67000/97656 files...
Processed 68000/97656 files...
Processed 69000/97656 files...
Processed 70000/97656 files...
Processed 71000/97656 files...
Processed 72000/97656 files...
Processed 73000/97656 files...
Processed 74000/97656 files...
Processed 75000/97656 files...
Processed 76000/97656 files...
Processed 77000/97656 files...
Processed 78000/97656 files...
Processed 79000/97656 files...
Processed 80000/97656 files...
Processed 81000/97656 files...
Processed 82000/97656 files...
Processed 83000/97656 files...
Processed 84000/97656 files...
Processed 85000/97656 files...
Processed 86000/97656 files...
Processed 87000/97656 files...
Processed 88000/97656 files...
Processed 89000/97656 files...
Processed 90000/97656 files...
Processed 91000/97656 files...
Processed 92000/97656 files...
Processed 93000/97656 files...
Processed 94000/97656 files...
Processed 95000/97656 files...
Processed 96000/97656 files...
Processed 97000/97656 files...
Saved raw metrics to 'validation_histograms.csv'

--- Final Validation Results ---
Final Average Purity:     72.60%
Final Average Efficiency: 80.25%
Job finished at: Thu Jun 11 20:56:55 BST 2026
